{"/home/gabriel/Trybe/trybe-exercicios/fundamentos/bloco-10-testes-automatizados-com-jest/dia-3-jest-simulando-comportamentos/fetchApi.js": {"path":"/home/gabriel/Trybe/trybe-exercicios/fundamentos/bloco-10-testes-automatizados-com-jest/dia-3-jest-simulando-comportamentos/fetchApi.js","statementMap":{"0":{"start":{"line":1,"column":24},"end":{"line":5,"column":1}},"1":{"start":{"line":2,"column":2},"end":{"line":4,"column":70}},"2":{"start":{"line":3,"column":24},"end":{"line":3,"column":39}},"3":{"start":{"line":7,"column":0},"end":{"line":7,"column":37}}},"fnMap":{"0":{"name":"(anonymous_0)","decl":{"start":{"line":1,"column":24},"end":{"line":1,"column":25}},"loc":{"start":{"line":1,"column":30},"end":{"line":5,"column":1}},"line":1},"1":{"name":"(anonymous_1)","decl":{"start":{"line":3,"column":10},"end":{"line":3,"column":11}},"loc":{"start":{"line":3,"column":24},"end":{"line":3,"column":39}},"line":3}},"branchMap":{"0":{"loc":{"start":{"line":4,"column":10},"end":{"line":4,"column":68}},"type":"cond-expr","locations":[{"start":{"line":4,"column":24},"end":{"line":4,"column":45}},{"start":{"line":4,"column":48},"end":{"line":4,"column":68}}],"line":4}},"s":{"0":1,"1":0,"2":0,"3":1},"f":{"0":0,"1":0},"b":{"0":[0,0]},"_coverageSchema":"1a1c01bbd47fc00a2c39e90264f33305004495a9","hash":"a79f5fa2f34b4dc66f4743d5569558afa0c7f5c5"}
}
